In file included from [01m[K/home/nesc/balance_car_ws/src/balance_controller/include/balance_controller/balance_controller.h:11[m[K,
                 from [01m[K/home/nesc/balance_car_ws/src/balance_controller/src/balance_controller.cpp:1[m[K:
[01m[K/opt/ros/noetic/include/filters/realtime_circular_buffer.h:40:2:[m[K [01;35m[Kwarning: [m[K#warning Including header <filters/realtime_circular_buffer.h> is deprecated, include <filters/realtime_circular_buffer.hpp> instead. [[01;35m[K-Wcpp[m[K]
   40 | #[01;35m[Kwarning[m[K Including header <filters/realtime_circular_buffer.h> is deprecated, \
      |  [01;35m[K^~~~~~~[m[K
In file included from [01m[K/opt/ros/noetic/include/ros/serialization.h:37[m[K,
                 from [01m[K/opt/ros/noetic/include/ros/publisher.h:34[m[K,
                 from [01m[K/opt/ros/noetic/include/ros/node_handle.h:32[m[K,
                 from [01m[K/opt/ros/noetic/include/ros/ros.h:45[m[K,
                 from [01m[K/home/nesc/balance_car_ws/src/balance_controller/include/balance_controller/balance_controller.h:3[m[K,
                 from [01m[K/home/nesc/balance_car_ws/src/balance_controller/src/balance_controller.cpp:1[m[K:
/opt/ros/noetic/include/ros/message_traits.h: In instantiation of ‘[01m[Kstatic const char* ros::message_traits::MD5Sum<M>::value(const M&) [with M = double][m[K’:
[01m[K/opt/ros/noetic/include/ros/message_traits.h:254:102:[m[K   required from ‘[01m[Kconst char* ros::message_traits::md5sum(const M&) [with M = double][m[K’
[01m[K/opt/ros/noetic/include/ros/publisher.h:120:38:[m[K   required from ‘[01m[Kvoid ros::Publisher::publish(const M&) const [with M = double][m[K’
[01m[K/home/nesc/balance_car_ws/src/balance_controller/src/balance_controller.cpp:112:33:[m[K   required from here
[01m[K/opt/ros/noetic/include/ros/message_traits.h:125:14:[m[K [01;31m[Kerror: [m[Krequest for member ‘[01m[K__getMD5Sum[m[K’ in ‘[01m[Km[m[K’, which is of non-class type ‘[01m[Kconst double[m[K’
  125 |     return [01;31m[Km.__getMD5Sum[m[K().c_str();
      |            [01;31m[K~~^~~~~~~~~~~[m[K
/opt/ros/noetic/include/ros/message_traits.h: In instantiation of ‘[01m[Kstatic const char* ros::message_traits::DataType<M>::value(const M&) [with M = double][m[K’:
[01m[K/opt/ros/noetic/include/ros/message_traits.h:263:104:[m[K   required from ‘[01m[Kconst char* ros::message_traits::datatype(const M&) [with M = double][m[K’
[01m[K/opt/ros/noetic/include/ros/publisher.h:122:11:[m[K   required from ‘[01m[Kvoid ros::Publisher::publish(const M&) const [with M = double][m[K’
[01m[K/home/nesc/balance_car_ws/src/balance_controller/src/balance_controller.cpp:112:33:[m[K   required from here
[01m[K/opt/ros/noetic/include/ros/message_traits.h:142:14:[m[K [01;31m[Kerror: [m[Krequest for member ‘[01m[K__getDataType[m[K’ in ‘[01m[Km[m[K’, which is of non-class type ‘[01m[Kconst double[m[K’
  142 |     return [01;31m[Km.__getDataType[m[K().c_str();
      |            [01;31m[K~~^~~~~~~~~~~~~[m[K
make[2]: *** [CMakeFiles/balance_controller.dir/build.make:63: CMakeFiles/balance_controller.dir/src/balance_controller.cpp.o] Error 1
make[1]: *** [CMakeFiles/Makefile2:1542: CMakeFiles/balance_controller.dir/all] Error 2
make: *** [Makefile:141: all] Error 2
