In file included from [01m[K/home/nesc/balance_car_ws/src/balance_controller/include/balance_controller/balance_controller.h:11[m[K,
                 from [01m[K/home/nesc/balance_car_ws/src/balance_controller/src/balance_controller.cpp:1[m[K:
[01m[K/opt/ros/noetic/include/filters/realtime_circular_buffer.h:40:2:[m[K [01;35m[Kwarning: [m[K#warning Including header <filters/realtime_circular_buffer.h> is deprecated, include <filters/realtime_circular_buffer.hpp> instead. [[01;35m[K-Wcpp[m[K]
   40 | #[01;35m[Kwarning[m[K Including header <filters/realtime_circular_buffer.h> is deprecated, \
      |  [01;35m[K^~~~~~~[m[K
In file included from [01m[K/home/nesc/balance_car_ws/src/balance_controller/src/balance_controller.cpp:1[m[K:
[01m[K/home/nesc/balance_car_ws/src/balance_controller/include/balance_controller/balance_controller.h:96:78:[m[K [01;31m[Kerror: [m[Kredeclaration of ‘[01m[Kconst boost::array<double, 36> balance_controller::BalanceController::ODOM_POSE_COVARIANCE[m[K’
   96 |                                                           0, 0, 0, 0, 0, 1e3}[01;31m[K}[m[K;
      |                                                                              [01;31m[K^[m[K
[01m[K/home/nesc/balance_car_ws/src/balance_controller/include/balance_controller/balance_controller.h:67:34:[m[K [01;36m[Knote: [m[Kprevious declaration ‘[01m[Kconst boost::array<double, 36> balance_controller::BalanceController::ODOM_POSE_COVARIANCE[m[K’
   67 |   const boost::array<double, 36> [01;36m[KODOM_POSE_COVARIANCE[m[K = {{1e-3, 0, 0, 0, 0, 0,
      |                                  [01;36m[K^~~~~~~~~~~~~~~~~~~~[m[K
[01m[K/home/nesc/balance_car_ws/src/balance_controller/include/balance_controller/balance_controller.h:102:79:[m[K [01;31m[Kerror: [m[Kredeclaration of ‘[01m[Kconst boost::array<double, 36> balance_controller::BalanceController::ODOM_POSE_COVARIANCE2[m[K’
  102 |                                                           0, 0, 0, 0, 0, 1e-9}[01;31m[K}[m[K;
      |                                                                               [01;31m[K^[m[K
[01m[K/home/nesc/balance_car_ws/src/balance_controller/include/balance_controller/balance_controller.h:73:34:[m[K [01;36m[Knote: [m[Kprevious declaration ‘[01m[Kconst boost::array<double, 36> balance_controller::BalanceController::ODOM_POSE_COVARIANCE2[m[K’
   73 |   const boost::array<double, 36> [01;36m[KODOM_POSE_COVARIANCE2[m[K = {{1e-9, 0, 0, 0, 0, 0,
      |                                  [01;36m[K^~~~~~~~~~~~~~~~~~~~~[m[K
[01m[K/home/nesc/balance_car_ws/src/balance_controller/include/balance_controller/balance_controller.h:108:78:[m[K [01;31m[Kerror: [m[Kredeclaration of ‘[01m[Kconst boost::array<double, 36> balance_controller::BalanceController::ODOM_TWIST_COVARIANCE[m[K’
  108 |                                                           0, 0, 0, 0, 0, 1e3}[01;31m[K}[m[K;
      |                                                                              [01;31m[K^[m[K
[01m[K/home/nesc/balance_car_ws/src/balance_controller/include/balance_controller/balance_controller.h:79:34:[m[K [01;36m[Knote: [m[Kprevious declaration ‘[01m[Kconst boost::array<double, 36> balance_controller::BalanceController::ODOM_TWIST_COVARIANCE[m[K’
   79 |   const boost::array<double, 36> [01;36m[KODOM_TWIST_COVARIANCE[m[K = {{1e-3, 0, 0, 0, 0, 0,
      |                                  [01;36m[K^~~~~~~~~~~~~~~~~~~~~[m[K
[01m[K/home/nesc/balance_car_ws/src/balance_controller/include/balance_controller/balance_controller.h:114:79:[m[K [01;31m[Kerror: [m[Kredeclaration of ‘[01m[Kconst boost::array<double, 36> balance_controller::BalanceController::ODOM_TWIST_COVARIANCE2[m[K’
  114 |                                                           0, 0, 0, 0, 0, 1e-9}[01;31m[K}[m[K;
      |                                                                               [01;31m[K^[m[K
[01m[K/home/nesc/balance_car_ws/src/balance_controller/include/balance_controller/balance_controller.h:85:34:[m[K [01;36m[Knote: [m[Kprevious declaration ‘[01m[Kconst boost::array<double, 36> balance_controller::BalanceController::ODOM_TWIST_COVARIANCE2[m[K’
   85 |   const boost::array<double, 36> [01;36m[KODOM_TWIST_COVARIANCE2[m[K = {{1e-9, 0, 0, 0, 0, 0,
      |                                  [01;36m[K^~~~~~~~~~~~~~~~~~~~~~[m[K
make[2]: *** [CMakeFiles/balance_controller.dir/build.make:63: CMakeFiles/balance_controller.dir/src/balance_controller.cpp.o] Error 1
make[1]: *** [CMakeFiles/Makefile2:1542: CMakeFiles/balance_controller.dir/all] Error 2
make: *** [Makefile:141: all] Error 2
