[  0%] Built target std_msgs_generate_messages_eus
[  0%] Built target tf_generate_messages_nodejs
[  0%] Built target std_msgs_generate_messages_nodejs
[ 11%] Built target tf2_msgs_generate_messages_cpp
[ 11%] Built target gtest
[ 11%] Built target rosgraph_msgs_generate_messages_nodejs
[ 11%] Built target std_msgs_generate_messages_py
[ 11%] Built target std_msgs_generate_messages_cpp
[ 11%] Built target actionlib_generate_messages_cpp
[ 11%] Built target actionlib_msgs_generate_messages_py
[ 11%] Built target geometry_msgs_generate_messages_eus
[ 11%] Built target roscpp_generate_messages_lisp
[ 11%] Built target std_msgs_generate_messages_lisp
[ 11%] Built target actionlib_generate_messages_lisp
[ 11%] Built target rosgraph_msgs_generate_messages_lisp
[ 11%] Built target rosgraph_msgs_generate_messages_py
[ 11%] Built target actionlib_msgs_generate_messages_eus
[ 11%] Built target roscpp_generate_messages_py
[ 11%] Built target roscpp_generate_messages_cpp
[ 11%] Built target roscpp_generate_messages_eus
[ 11%] Built target geometry_msgs_generate_messages_nodejs
[ 11%] Built target tf_generate_messages_eus
[ 11%] Built target geometry_msgs_generate_messages_cpp
[ 11%] Built target geometry_msgs_generate_messages_lisp
[ 11%] Built target tf2_msgs_generate_messages_py
[ 11%] Built target tf_generate_messages_cpp
[ 11%] Built target roscpp_generate_messages_nodejs
[ 11%] Built target rosgraph_msgs_generate_messages_eus
[ 11%] Built target _robot_pose_ekf_generate_messages_check_deps_GetStatus
[ 11%] Built target nav_msgs_generate_messages_cpp
[ 11%] Built target geometry_msgs_generate_messages_py
[ 11%] Built target tf2_msgs_generate_messages_eus
[ 11%] Built target tf_generate_messages_lisp
[ 11%] Built target nav_msgs_generate_messages_py
[ 11%] Built target nav_msgs_generate_messages_nodejs
[ 11%] Built target sensor_msgs_generate_messages_eus
[ 11%] Built target sensor_msgs_generate_messages_py
[ 11%] Built target sensor_msgs_generate_messages_lisp
[ 11%] Built target rosgraph_msgs_generate_messages_cpp
[ 11%] Built target actionlib_generate_messages_eus
[ 11%] Built target sensor_msgs_generate_messages_nodejs
[ 11%] Built target sensor_msgs_generate_messages_cpp
[ 11%] Built target actionlib_msgs_generate_messages_cpp
[ 11%] Built target actionlib_generate_messages_nodejs
[ 11%] Built target tf_generate_messages_py
[ 11%] Built target nav_msgs_generate_messages_eus
[ 11%] Built target actionlib_generate_messages_py
[ 11%] Built target actionlib_msgs_generate_messages_nodejs
[ 11%] Built target actionlib_msgs_generate_messages_lisp
[ 11%] Built target nav_msgs_generate_messages_lisp
[ 11%] Built target tf2_msgs_generate_messages_lisp
[ 11%] Built target tf2_msgs_generate_messages_nodejs
[ 17%] Built target robot_pose_ekf_generate_messages_cpp
[ 23%] Built target robot_pose_ekf_generate_messages_lisp
[ 29%] Built target robot_pose_ekf_generate_messages_nodejs
[ 41%] Built target robot_pose_ekf_generate_messages_py
[ 52%] Built target robot_pose_ekf_generate_messages_eus
[35m[1mScanning dependencies of target robot_pose_ekf[0m
[ 52%] Built target robot_pose_ekf_generate_messages
[ 64%] Built target test_robot_pose_ekf_zero_covariance
[ 76%] Built target test_robot_pose_ekf
[ 82%] [32mBuilding CXX object CMakeFiles/robot_pose_ekf.dir/src/odom_estimation_node.cpp.o[0m
[ 88%] [32m[1mLinking CXX executable /home/nesc/balance_car_ws/devel/.private/robot_pose_ekf/lib/robot_pose_ekf/robot_pose_ekf[0m
[100%] Built target robot_pose_ekf
